c:\mine\projects\algos\algos\x64\debug\vc143.pdb
c:\mine\projects\algos\algos\x64\debug\vc143.idb
c:\mine\projects\algos\algos\x64\debug\sortings.obj
c:\mine\projects\algos\algos\x64\debug\mathematics.obj
c:\mine\projects\algos\algos\x64\debug\hashing.obj
c:\mine\projects\algos\algos\x64\debug\graphs.obj
c:\mine\projects\algos\algos\x64\debug\dynamicprogramming.obj
c:\mine\projects\algos\algos\x64\debug\datastructure1.obj
c:\mine\projects\algos\algos\x64\debug\bitwasemask.obj
c:\mine\projects\algos\algos\x64\debug\backtracking.obj
c:\mine\projects\algos\algos\x64\debug\algos.obj
c:\mine\projects\algos\x64\debug\algos.exe
c:\mine\projects\algos\algos\x64\debug\algos.ilk
c:\mine\projects\algos\x64\debug\algos.pdb
c:\mine\projects\algos\algos\x64\debug\algos.tlog\cl.command.1.tlog
c:\mine\projects\algos\algos\x64\debug\algos.tlog\cl.items.tlog
c:\mine\projects\algos\algos\x64\debug\algos.tlog\cl.read.1.tlog
c:\mine\projects\algos\algos\x64\debug\algos.tlog\cl.write.1.tlog
c:\mine\projects\algos\algos\x64\debug\algos.tlog\link.command.1.tlog
c:\mine\projects\algos\algos\x64\debug\algos.tlog\link.read.1.tlog
c:\mine\projects\algos\algos\x64\debug\algos.tlog\link.write.1.tlog
